<?xml version="1.0" encoding="UTF-8"?>
<!-- Generated by org.testng.reporters.JUnitReportReporter -->
<testsuite hostname="DESKTOP-HTQHNV7" name="com.TestRunner.ExecutionofTests" tests="1" failures="0" timestamp="24 Dec 2019 11:59:06 GMT" time="54.745" errors="0">
  <testcase name="testexecution" time="54.745" classname="com.TestRunner.ExecutionofTests"/>
</testsuite> <!-- com.TestRunner.ExecutionofTests -->
