<?xml version="1.0" encoding="UTF-8"?>
<!-- Generated by org.testng.reporters.JUnitReportReporter -->
<testsuite hostname="DESKTOP-HTQHNV7" name="com.TestRunner.ExecutionofTests" tests="1" failures="0" timestamp="27 Dec 2019 16:17:30 GMT" time="43.358" errors="0">
  <testcase name="testexecution" time="43.358" classname="com.TestRunner.ExecutionofTests"/>
</testsuite> <!-- com.TestRunner.ExecutionofTests -->
